2023-01-30T14:17:55.445Z [logPedidos] error: GET /orders orders.length is not a function
2023-01-30T14:18:32.571Z [logPedidos] info: GET /getProductsBestSeller
2023-01-30T14:19:11.653Z [logPedidos] info: GET /getProductsBestSeller
2023-01-30T14:19:24.470Z [logPedidos] info: GET /getProductsBestSeller
2023-01-30T14:19:34.420Z [logPedidos] info: GET /getProductsBestSeller
2023-01-30T14:19:47.739Z [logPedidos] info: GET /getProductsBestSeller
2023-01-30T14:27:50.492Z [logPedidos] error: GET /orders Cannot set properties of undefined (setting 'valor')
2023-01-30T14:28:22.018Z [logPedidos] error: GET /orders Cannot set properties of undefined (setting 'valor')
2023-01-30T14:29:05.477Z [logPedidos] info: GET /getProductsBestSeller
2023-01-30T14:29:31.871Z [logPedidos] info: GET /getProductsBestSeller
2023-01-30T14:31:51.486Z [logPedidos] error: GET /orders listOrders is not defined
2023-01-30T14:32:04.065Z [logPedidos] info: GET /getProductsBestSeller
2023-01-30T14:32:44.511Z [logPedidos] info: GET /getProductsBestSeller
2023-01-30T14:35:14.888Z [logPedidos] error: GET /orders ordersAmount.sort is not a function
2023-01-30T14:38:04.804Z [logPedidos] info: GET /getProductsBestSeller
2023-01-30T14:38:59.879Z [logPedidos] info: GET /getProductsBestSeller
2023-01-30T14:39:12.384Z [logPedidos] info: GET /getProductsBestSeller
2023-01-30T14:40:44.628Z [logPedidos] error: GET /orders count is not defined
2023-01-30T14:40:53.939Z [logPedidos] info: GET /getProductsBestSeller
2023-01-30T14:59:40.788Z [logPedidos] info: GET /getCustomerPurchase - Tália Simas
2023-01-30T15:00:04.264Z [logPedidos] info: GET /getCustomerPurchase - Clotilde Godoy
2023-01-30T15:00:20.992Z [logPedidos] info: GET /getProductPurchase - Pizza Calabresa
2023-01-30T15:00:40.132Z [logPedidos] info: GET /getProductPurchase - Pizza Frango com Catupiry
2023-01-30T15:02:08.152Z [logPedidos] info: POST /orders - {"id":501,"cliente":"Rosaura Azenha","produto":"Pizza Pepperoni","valor":32.5,"timestamp":"2023-01-30T15:02:08.150Z","entregue":false}
2023-01-30T15:02:18.124Z [logPedidos] info: GET /getCustomerPurchase - Rosaura Azenha
2023-01-30T15:02:58.828Z [logPedidos] info: GET /getProductPurchase - Pizza Muçarela
2023-01-30T15:03:17.951Z [logPedidos] info: DELETE /orders/:id - 317
2023-01-30T15:03:37.429Z [logPedidos] info: GET /getProductPurchase - Pizza Atum
2023-01-30T15:03:56.994Z [logPedidos] info: GET /orders/:id - 216
2023-01-30T15:11:40.304Z [logPedidos] info: GET /orders/:id - 501
2023-01-30T15:12:17.719Z [logPedidos] info: PATCH /updateStatus - {"id":501,"cliente":"Rosaura Azenha","produto":"Pizza Pepperoni","valor":32.5,"timestamp":"2023-01-30T15:02:08.150Z","entregue":true}
2023-01-30T15:12:22.898Z [logPedidos] info: GET /getCustomerPurchase - Rosaura Azenha
